<?xml version="1.0" encoding="UTF-8"?>
<!-- Generated by org.testng.reporters.JUnitReportReporter -->
<testsuite skipped="0" hostname="DESKTOP-P1HF71B" name="Oldpinch" tests="28" failures="0" timestamp="04 May 2022 05:24:35 GMT" time="91.940" errors="0">
  <testcase name="invokeBrowser" time="2.860" classname="Oldpinch"/>
  <testcase name="enterUrl" time="7.220" classname="Oldpinch"/>
  <testcase name="maximizeWindow" time="0.157" classname="Oldpinch"/>
  <testcase name="enterSearchText" time="0.216" classname="Oldpinch"/>
  <testcase name="clickSearchButton" time="5.356" classname="Oldpinch"/>
  <testcase name="clickItem" time="8.860" classname="Oldpinch"/>
  <testcase name="clearQuantity" time="0.201" classname="Oldpinch"/>
  <testcase name="addQuantity" time="3.231" classname="Oldpinch"/>
  <testcase name="clickAddToCart" time="4.120" classname="Oldpinch"/>
  <testcase name="clickNextPic" time="2.181" classname="Oldpinch"/>
  <testcase name="clickCart" time="5.122" classname="Oldpinch"/>
  <testcase name="editCart" time="6.133" classname="Oldpinch"/>
  <testcase name="clickProceedToCheckout" time="1.226" classname="Oldpinch"/>
  <testcase name="enterEmail" time="1.162" classname="Oldpinch"/>
  <testcase name="enterPassword" time="0.162" classname="Oldpinch"/>
  <testcase name="enterSignIn" time="8.558" classname="Oldpinch"/>
  <testcase name="checkOutAgain" time="11.757" classname="Oldpinch"/>
  <testcase name="enterCompany" time="0.360" classname="Oldpinch"/>
  <testcase name="enterAddress" time="1.292" classname="Oldpinch"/>
  <testcase name="selectCountry" time="0.962" classname="Oldpinch"/>
  <testcase name="city" time="0.287" classname="Oldpinch"/>
  <testcase name="selectState" time="0.133" classname="Oldpinch"/>
  <testcase name="zip" time="0.148" classname="Oldpinch"/>
  <testcase name="phone" time="5.302" classname="Oldpinch"/>
  <testcase name="clickPayment" time="5.180" classname="Oldpinch"/>
  <testcase name="clickOnline" time="6.408" classname="Oldpinch"/>
  <testcase name="enterText" time="3.249" classname="Oldpinch"/>
  <testcase name="sendChat" time="0.097" classname="Oldpinch"/>
</testsuite> <!-- Oldpinch -->
